app/build/outputs/logs/manifest-merger-debug-report.txt
-- Merging decision tree log ---
manifest
ADDED from src\main\AndroidManifest.xml:2:1-89:12
	package
		ADDED from src\main\AndroidManifest.xml:3:5-34
		INJECTED from src\main\AndroidManifest.xml
		INJECTED from src\main\AndroidManifest.xml
	android:versionName
		INJECTED from src\main\AndroidManifest.xml
		INJECTED from src\main\AndroidManifest.xml
	xmlns:android
		ADDED from src\main\AndroidManifest.xml:2:11-69
	android:versionCode
		INJECTED from src\main\AndroidManifest.xml
		INJECTED from src\main\AndroidManifest.xml
uses-permission#android.permission.INTERNET
ADDED from src\main\AndroidManifest.xml:5:5-67
MERGED from [mxcome_android:iframe:unspecified] AndroidManifest.xml:32:5-67
	android:name
		ADDED from src\main\AndroidManifest.xml:5:22-64
uses-permission#android.permission.WRITE_EXTERNAL_STORAGE
ADDED from src\main\AndroidManifest.xml:6:5-81
MERGED from [:library:] AndroidManifest.xml:12:5-81
	android:name
		ADDED from src\main\AndroidManifest.xml:6:22-78
uses-permission#android.permission.READ_EXTERNAL_STORAGE
ADDED from src\main\AndroidManifest.xml:7:5-80
MERGED from [:library:] AndroidManifest.xml:11:5-80
	android:name
		ADDED from src\main\AndroidManifest.xml:7:22-77
uses-permission#android.permission.ACCESS_NETWORK_STATE
ADDED from src\main\AndroidManifest.xml:8:5-79
	android:name
		ADDED from src\main\AndroidManifest.xml:8:22-76
uses-permission#android.permission.ACCESS_WIFI_STATE
ADDED from src\main\AndroidManifest.xml:9:5-76
	android:name
		ADDED from src\main\AndroidManifest.xml:9:22-73
uses-permission#android.permission.RECEIVE_SMS
ADDED from src\main\AndroidManifest.xml:10:5-70
	android:name
		ADDED from src\main\AndroidManifest.xml:10:22-67
uses-permission#android.permission.READ_SMS
ADDED from src\main\AndroidManifest.xml:11:5-67
	android:name
		ADDED from src\main\AndroidManifest.xml:11:22-64
uses-permission#android.permission.ACCESS_FINE_LOCATION
ADDED from src\main\AndroidManifest.xml:12:5-79
MERGED from [mxcome_android:iframe:unspecified] AndroidManifest.xml:20:5-79
	android:name
		ADDED from src\main\AndroidManifest.xml:12:22-76
uses-permission#android.permission.ACCESS_COARSE_LOCATION
ADDED from src\main\AndroidManifest.xml:13:5-81
MERGED from [mxcome_android:iframe:unspecified] AndroidManifest.xml:21:5-81
	android:name
		ADDED from src\main\AndroidManifest.xml:13:22-78
uses-permission#android.permission.CHANGE_WIFI_STATE
ADDED from src\main\AndroidManifest.xml:14:5-76
	android:name
		ADDED from src\main\AndroidManifest.xml:14:22-73
uses-permission#android.permission.READ_PHONE_STATE
ADDED from src\main\AndroidManifest.xml:15:5-75
	android:name
		ADDED from src\main\AndroidManifest.xml:15:22-72
uses-permission#android.permission.MOUNT_UNMOUNT_FILESYSTEMS
ADDED from src\main\AndroidManifest.xml:16:5-84
	android:name
		ADDED from src\main\AndroidManifest.xml:16:22-81
uses-permission#android.permission.READ_LOGS
ADDED from src\main\AndroidManifest.xml:17:5-68
	android:name
		ADDED from src\main\AndroidManifest.xml:17:22-65
uses-permission#android.permission.VIBRATE
ADDED from src\main\AndroidManifest.xml:18:5-66
MERGED from [mxcome_android:iframe:unspecified] AndroidManifest.xml:33:5-66
	android:name
		ADDED from src\main\AndroidManifest.xml:18:22-63
uses-permission#android.permission.WAKE_LOCK
ADDED from src\main\AndroidManifest.xml:19:5-68
	android:name
		ADDED from src\main\AndroidManifest.xml:19:22-65
uses-permission#android.permission.WRITE_SETTINGS
ADDED from src\main\AndroidManifest.xml:20:5-73
	android:name
		ADDED from src\main\AndroidManifest.xml:20:22-70
uses-permission#android.permission.RECEIVE_USER_PRESENT
ADDED from src\main\AndroidManifest.xml:21:5-79
	android:name
		ADDED from src\main\AndroidManifest.xml:21:22-76
uses-permission#android.permission.CALL_PHONE
ADDED from src\main\AndroidManifest.xml:23:5-69
	android:name
		ADDED from src\main\AndroidManifest.xml:23:22-66
uses-permission#android.permission.READ_CONTACTS
ADDED from src\main\AndroidManifest.xml:24:5-72
	android:name
		ADDED from src\main\AndroidManifest.xml:24:22-69
uses-permission#android.permission.RECORD_AUDIO
ADDED from src\main\AndroidManifest.xml:25:5-71
	android:name
		ADDED from src\main\AndroidManifest.xml:25:22-68
application
ADDED from src\main\AndroidManifest.xml:27:5-87:19
MERGED from [:library:] AndroidManifest.xml:15:5-34:19
MERGED from [mxcome_android:iframe:unspecified] AndroidManifest.xml:49:5-165:19
MERGED from [:SMSSDK-2.1.3:] AndroidManifest.xml:11:5-12:19
MERGED from [com.android.support:design:24.2.1] AndroidManifest.xml:22:5-20
MERGED from [com.prolificinteractive:material-calendarview:1.4.3] AndroidManifest.xml:12:5-20
MERGED from [com.xingliuhua:xlhratingbar_lib:1.0.1] AndroidManifest.xml:11:5-15:19
MERGED from [com.android.support:appcompat-v7:24.2.1] AndroidManifest.xml:25:5-20
MERGED from [com.android.support:support-v4:25.1.1] AndroidManifest.xml:25:5-20
MERGED from [com.android.support:support-fragment:25.1.1] AndroidManifest.xml:25:5-20
MERGED from [com.android.support:support-media-compat:25.1.1] AndroidManifest.xml:25:5-20
MERGED from [com.android.support:support-core-ui:25.1.1] AndroidManifest.xml:25:5-20
MERGED from [com.android.support:support-core-utils:25.1.1] AndroidManifest.xml:25:5-20
MERGED from [com.android.support:animated-vector-drawable:24.2.1] AndroidManifest.xml:22:5-20
MERGED from [com.android.support:support-vector-drawable:24.2.1] AndroidManifest.xml:23:5-20
MERGED from [com.android.support:support-compat:25.1.1] AndroidManifest.xml:25:5-20
MERGED from [:calendarview-debug:] AndroidManifest.xml:11:5-15:19
	android:label
		ADDED from src\main\AndroidManifest.xml:31:9-41
	android:supportsRtl
		ADDED from src\main\AndroidManifest.xml:32:9-35
	android:allowBackup
		ADDED from src\main\AndroidManifest.xml:29:9-35
	android:icon
		ADDED from src\main\AndroidManifest.xml:30:9-43
	android:theme
		ADDED from src\main\AndroidManifest.xml:33:9-40
	android:name
		ADDED from src\main\AndroidManifest.xml:28:9-44
activity#com.fenazola.mxcome.LoadingActivity
ADDED from src\main\AndroidManifest.xml:35:9-43:20
	android:screenOrientation
		ADDED from src\main\AndroidManifest.xml:37:13-49
	android:name
		ADDED from src\main\AndroidManifest.xml:36:13-44
intent-filter#android.intent.action.MAIN+android.intent.category.LAUNCHER
ADDED from src\main\AndroidManifest.xml:38:13-42:29
action#android.intent.action.MAIN
ADDED from src\main\AndroidManifest.xml:39:17-69
	android:name
		ADDED from src\main\AndroidManifest.xml:39:25-66
category#android.intent.category.LAUNCHER
ADDED from src\main\AndroidManifest.xml:41:17-77
	android:name
		ADDED from src\main\AndroidManifest.xml:41:27-74
activity#com.fenazola.mxcome.GuideActivity
ADDED from src\main\AndroidManifest.xml:45:9-48:20
	android:screenOrientation
		ADDED from src\main\AndroidManifest.xml:47:13-49
	android:name
		ADDED from src\main\AndroidManifest.xml:46:13-42
activity#com.fenazola.mxcome.MainActivity
ADDED from src\main\AndroidManifest.xml:50:9-53:56
	android:screenOrientation
		ADDED from src\main\AndroidManifest.xml:52:13-49
	android:launchMode
		ADDED from src\main\AndroidManifest.xml:53:13-44
	android:name
		ADDED from src\main\AndroidManifest.xml:51:13-41
activity#com.fenazola.mxcome.ClipImageActivity
ADDED from src\main\AndroidManifest.xml:55:9-57:61
	android:screenOrientation
		ADDED from src\main\AndroidManifest.xml:57:13-49
	android:name
		ADDED from src\main\AndroidManifest.xml:56:13-46
activity#com.fenazola.mxcome.WebViewActivity
ADDED from src\main\AndroidManifest.xml:59:9-61:61
	android:screenOrientation
		ADDED from src\main\AndroidManifest.xml:61:13-49
	android:name
		ADDED from src\main\AndroidManifest.xml:60:13-44
activity#com.fenazola.mxcome.WebViewCjActivity
ADDED from src\main\AndroidManifest.xml:62:9-64:61
	android:screenOrientation
		ADDED from src\main\AndroidManifest.xml:64:13-49
	android:name
		ADDED from src\main\AndroidManifest.xml:63:13-46
activity#com.fenazola.mxcome.MediaPlayerActivity
ADDED from src\main\AndroidManifest.xml:65:9-66:62
	android:screenOrientation
		ADDED from src\main\AndroidManifest.xml:66:13-50
	android:name
		ADDED from src\main\AndroidManifest.xml:65:19-54
activity#com.fenazola.mxcome.wxapi.WXEntryActivity
ADDED from src\main\AndroidManifest.xml:68:9-73:74
	android:screenOrientation
		ADDED from src\main\AndroidManifest.xml:72:13-49
	android:exported
		ADDED from src\main\AndroidManifest.xml:71:13-36
	android:configChanges
		ADDED from src\main\AndroidManifest.xml:70:13-74
	android:theme
		ADDED from src\main\AndroidManifest.xml:73:13-72
	android:name
		ADDED from src\main\AndroidManifest.xml:69:13-69
activity#com.fenazola.mxcome.WBShareActivity
ADDED from src\main\AndroidManifest.xml:75:9-83:20
	android:screenOrientation
		ADDED from src\main\AndroidManifest.xml:78:13-49
	android:configChanges
		ADDED from src\main\AndroidManifest.xml:77:13-63
	android:name
		ADDED from src\main\AndroidManifest.xml:76:13-63
intent-filter#android.intent.category.DEFAULT+com.sina.weibo.sdk.action.ACTION_SDK_REQ_ACTIVITY
ADDED from src\main\AndroidManifest.xml:79:13-82:29
action#com.sina.weibo.sdk.action.ACTION_SDK_REQ_ACTIVITY
ADDED from src\main\AndroidManifest.xml:80:17-92
	android:name
		ADDED from src\main\AndroidManifest.xml:80:25-89
category#android.intent.category.DEFAULT
ADDED from src\main\AndroidManifest.xml:81:17-76
	android:name
		ADDED from src\main\AndroidManifest.xml:81:27-73
service#com.fenazola.mxcome.service.DownloadService
ADDED from src\main\AndroidManifest.xml:85:9-60
	android:name
		ADDED from src\main\AndroidManifest.xml:85:18-57
uses-sdk
INJECTED from src\main\AndroidManifest.xml reason: use-sdk injection requested
MERGED from [:library:] AndroidManifest.xml:7:5-9:41
MERGED from [mxcome_android:iframe:unspecified] AndroidManifest.xml:7:5-9:41
MERGED from [:SMSSDK-2.1.3:] AndroidManifest.xml:7:5-9:41
MERGED from [com.android.support:design:24.2.1] AndroidManifest.xml:20:5-43
MERGED from [com.android.support:recyclerview-v7:24.2.1] AndroidManifest.xml:20:5-43
MERGED from [com.github.chrisbanes.photoview:library:1.2.4] AndroidManifest.xml:7:5-9:41
MERGED from [com.prolificinteractive:material-calendarview:1.4.3] AndroidManifest.xml:8:5-10:41
MERGED from [com.android.support:multidex:1.0.1] AndroidManifest.xml:18:5-42
MERGED from [com.xingliuhua:xlhratingbar_lib:1.0.1] AndroidManifest.xml:7:5-9:41
MERGED from [com.android.support:appcompat-v7:24.2.1] AndroidManifest.xml:21:5-23:78
MERGED from [com.android.support:support-v4:25.1.1] AndroidManifest.xml:21:5-23:54
MERGED from [com.android.support:support-fragment:25.1.1] AndroidManifest.xml:21:5-23:60
MERGED from [com.android.support:support-media-compat:25.1.1] AndroidManifest.xml:21:5-23:63
MERGED from [com.android.support:support-core-ui:25.1.1] AndroidManifest.xml:21:5-23:58
MERGED from [com.android.support:support-core-utils:25.1.1] AndroidManifest.xml:21:5-23:61
MERGED from [com.android.support:animated-vector-drawable:24.2.1] AndroidManifest.xml:20:5-44
MERGED from [com.android.support:support-vector-drawable:24.2.1] AndroidManifest.xml:21:5-43
MERGED from [com.android.support:support-compat:25.1.1] AndroidManifest.xml:21:5-23:58
MERGED from [:calendarview-debug:] AndroidManifest.xml:7:5-9:41
	tools:overrideLibrary
		ADDED from [com.android.support:appcompat-v7:24.2.1] AndroidManifest.xml:23:9-75
	android:targetSdkVersion
		INJECTED from src\main\AndroidManifest.xml
		INJECTED from src\main\AndroidManifest.xml
	android:minSdkVersion
		INJECTED from src\main\AndroidManifest.xml
		INJECTED from src\main\AndroidManifest.xml
uses-permission#android.permission.CAMERA
ADDED from [:library:] AndroidManifest.xml:13:5-65
MERGED from [mxcome_android:iframe:unspecified] AndroidManifest.xml:31:5-65
	android:name
		ADDED from [:library:] AndroidManifest.xml:13:22-62
meta-data#design_width
ADDED from [:library:] AndroidManifest.xml:16:9-18:36
	android:value
		ADDED from [:library:] AndroidManifest.xml:18:13-33
	android:name
		ADDED from [:library:] AndroidManifest.xml:17:13-40
meta-data#design_height
ADDED from [:library:] AndroidManifest.xml:19:9-21:36
	android:value
		ADDED from [:library:] AndroidManifest.xml:21:13-33
	android:name
		ADDED from [:library:] AndroidManifest.xml:20:13-41
meta-data#com.zss.library.https.GlideModelConfig
ADDED from [:library:] AndroidManifest.xml:22:9-24:43
	android:value
		ADDED from [:library:] AndroidManifest.xml:24:13-40
	android:name
		ADDED from [:library:] AndroidManifest.xml:23:13-66
activity#com.zss.library.activity.ZFrameActivity
ADDED from [:library:] AndroidManifest.xml:26:9-29:20
	android:screenOrientation
		ADDED from [:library:] AndroidManifest.xml:28:13-49
	android:name
		ADDED from [:library:] AndroidManifest.xml:27:13-67
activity#com.zss.library.photopicker.PhotoPickerActivity
ADDED from [:library:] AndroidManifest.xml:30:9-33:20
	android:screenOrientation
		ADDED from [:library:] AndroidManifest.xml:32:13-49
	android:name
		ADDED from [:library:] AndroidManifest.xml:31:13-75
uses-permission#android.permission.BLUETOOTH
ADDED from [mxcome_android:iframe:unspecified] AndroidManifest.xml:17:5-68
	android:name
		ADDED from [mxcome_android:iframe:unspecified] AndroidManifest.xml:17:22-65
uses-permission#android.permission.BLUETOOTH_ADMIN
ADDED from [mxcome_android:iframe:unspecified] AndroidManifest.xml:18:5-74
	android:name
		ADDED from [mxcome_android:iframe:unspecified] AndroidManifest.xml:18:22-71
uses-permission#android.permission.SYSTEM_ALERT_WINDOW
ADDED from [mxcome_android:iframe:unspecified] AndroidManifest.xml:23:5-78
	android:name
		ADDED from [mxcome_android:iframe:unspecified] AndroidManifest.xml:23:22-75
uses-permission#getui.permission.GetuiService.${applicationId}
ADDED from [mxcome_android:iframe:unspecified] AndroidManifest.xml:24:5-86
	android:name
		ADDED from [mxcome_android:iframe:unspecified] AndroidManifest.xml:24:22-83
permission#getui.permission.GetuiService.${applicationId}
ADDED from [mxcome_android:iframe:unspecified] AndroidManifest.xml:26:5-28:44
	android:protectionLevel
		ADDED from [mxcome_android:iframe:unspecified] AndroidManifest.xml:28:9-41
	android:name
		ADDED from [mxcome_android:iframe:unspecified] AndroidManifest.xml:27:9-70
uses-permission#android.permission.FLASHLIGHT
ADDED from [mxcome_android:iframe:unspecified] AndroidManifest.xml:34:5-69
	android:name
		ADDED from [mxcome_android:iframe:unspecified] AndroidManifest.xml:34:22-66
uses-feature#android.hardware.camera
ADDED from [mxcome_android:iframe:unspecified] AndroidManifest.xml:36:5-38:36
	android:required
		ADDED from [mxcome_android:iframe:unspecified] AndroidManifest.xml:38:9-33
	android:name
		ADDED from [mxcome_android:iframe:unspecified] AndroidManifest.xml:37:9-47
uses-feature#android.hardware.camera.front
ADDED from [mxcome_android:iframe:unspecified] AndroidManifest.xml:39:5-41:36
	android:required
		ADDED from [mxcome_android:iframe:unspecified] AndroidManifest.xml:41:9-33
	android:name
		ADDED from [mxcome_android:iframe:unspecified] AndroidManifest.xml:40:9-53
uses-feature#android.hardware.camera.autofocus
ADDED from [mxcome_android:iframe:unspecified] AndroidManifest.xml:42:5-44:36
	android:required
		ADDED from [mxcome_android:iframe:unspecified] AndroidManifest.xml:44:9-33
	android:name
		ADDED from [mxcome_android:iframe:unspecified] AndroidManifest.xml:43:9-57
uses-feature#android.hardware.camera.flash
ADDED from [mxcome_android:iframe:unspecified] AndroidManifest.xml:45:5-47:36
	android:required
		ADDED from [mxcome_android:iframe:unspecified] AndroidManifest.xml:47:9-33
	android:name
		ADDED from [mxcome_android:iframe:unspecified] AndroidManifest.xml:46:9-53
service#com.baidu.location.f
ADDED from [mxcome_android:iframe:unspecified] AndroidManifest.xml:54:9-62:19
	android:enabled
		ADDED from [mxcome_android:iframe:unspecified] AndroidManifest.xml:56:13-35
	android:process
		ADDED from [mxcome_android:iframe:unspecified] AndroidManifest.xml:57:13-38
	android:name
		ADDED from [mxcome_android:iframe:unspecified] AndroidManifest.xml:55:13-48
intent-filter#com.baidu.location.service_v2.2
ADDED from [mxcome_android:iframe:unspecified] AndroidManifest.xml:58:13-61:29
action#com.baidu.location.service_v2.2
ADDED from [mxcome_android:iframe:unspecified] AndroidManifest.xml:59:17-60:26
	android:name
		ADDED from [mxcome_android:iframe:unspecified] AndroidManifest.xml:59:25-71
meta-data#com.baidu.lbsapi.API_KEY
ADDED from [mxcome_android:iframe:unspecified] AndroidManifest.xml:64:9-66:64
	android:value
		ADDED from [mxcome_android:iframe:unspecified] AndroidManifest.xml:66:13-61
	android:name
		ADDED from [mxcome_android:iframe:unspecified] AndroidManifest.xml:65:13-52
activity#com.alipay.sdk.app.H5PayActivity
ADDED from [mxcome_android:iframe:unspecified] AndroidManifest.xml:69:9-74:20
	android:screenOrientation
		ADDED from [mxcome_android:iframe:unspecified] AndroidManifest.xml:73:13-47
	android:exported
		ADDED from [mxcome_android:iframe:unspecified] AndroidManifest.xml:72:13-37
	android:configChanges
		ADDED from [mxcome_android:iframe:unspecified] AndroidManifest.xml:71:13-74
	android:name
		ADDED from [mxcome_android:iframe:unspecified] AndroidManifest.xml:70:13-60
activity#com.alipay.sdk.auth.AuthActivity
ADDED from [mxcome_android:iframe:unspecified] AndroidManifest.xml:75:9-80:20
	android:screenOrientation
		ADDED from [mxcome_android:iframe:unspecified] AndroidManifest.xml:79:13-47
	android:exported
		ADDED from [mxcome_android:iframe:unspecified] AndroidManifest.xml:78:13-37
	android:configChanges
		ADDED from [mxcome_android:iframe:unspecified] AndroidManifest.xml:77:13-74
	android:name
		ADDED from [mxcome_android:iframe:unspecified] AndroidManifest.xml:76:13-60
meta-data#UMENG_APPKEY
ADDED from [mxcome_android:iframe:unspecified] AndroidManifest.xml:83:9-86:21
	android:value
		ADDED from [mxcome_android:iframe:unspecified] AndroidManifest.xml:85:13-53
	android:name
		ADDED from [mxcome_android:iframe:unspecified] AndroidManifest.xml:84:13-40
activity#com.umeng.qq.tencent.AuthActivity
ADDED from [mxcome_android:iframe:unspecified] AndroidManifest.xml:88:9-100:20
	android:launchMode
		ADDED from [mxcome_android:iframe:unspecified] AndroidManifest.xml:90:13-44
	android:noHistory
		ADDED from [mxcome_android:iframe:unspecified] AndroidManifest.xml:91:13-37
	android:name
		ADDED from [mxcome_android:iframe:unspecified] AndroidManifest.xml:89:13-61
intent-filter#android.intent.action.VIEW+android.intent.category.BROWSABLE+android.intent.category.DEFAULT
ADDED from [mxcome_android:iframe:unspecified] AndroidManifest.xml:92:13-99:29
action#android.intent.action.VIEW
ADDED from [mxcome_android:iframe:unspecified] AndroidManifest.xml:93:17-69
	android:name
		ADDED from [mxcome_android:iframe:unspecified] AndroidManifest.xml:93:25-66
category#android.intent.category.BROWSABLE
ADDED from [mxcome_android:iframe:unspecified] AndroidManifest.xml:96:17-78
	android:name
		ADDED from [mxcome_android:iframe:unspecified] AndroidManifest.xml:96:27-75
data
ADDED from [mxcome_android:iframe:unspecified] AndroidManifest.xml:98:17-60
	android:scheme
		ADDED from [mxcome_android:iframe:unspecified] AndroidManifest.xml:98:23-57
activity#com.umeng.qq.tencent.AssistActivity
ADDED from [mxcome_android:iframe:unspecified] AndroidManifest.xml:101:9-105:75
	android:screenOrientation
		ADDED from [mxcome_android:iframe:unspecified] AndroidManifest.xml:104:13-49
	android:configChanges
		ADDED from [mxcome_android:iframe:unspecified] AndroidManifest.xml:103:13-74
	android:theme
		ADDED from [mxcome_android:iframe:unspecified] AndroidManifest.xml:105:13-72
	android:name
		ADDED from [mxcome_android:iframe:unspecified] AndroidManifest.xml:102:13-63
activity#com.umeng.socialize.editorpage.ShareActivity
ADDED from [mxcome_android:iframe:unspecified] AndroidManifest.xml:106:9-109:54
	android:excludeFromRecents
		ADDED from [mxcome_android:iframe:unspecified] AndroidManifest.xml:108:13-46
	android:theme
		ADDED from [mxcome_android:iframe:unspecified] AndroidManifest.xml:109:13-51
	android:name
		ADDED from [mxcome_android:iframe:unspecified] AndroidManifest.xml:107:13-72
meta-data#PUSH_APPID
ADDED from [mxcome_android:iframe:unspecified] AndroidManifest.xml:118:9-120:54
	android:value
		ADDED from [mxcome_android:iframe:unspecified] AndroidManifest.xml:120:13-51
	android:name
		ADDED from [mxcome_android:iframe:unspecified] AndroidManifest.xml:119:13-38
meta-data#PUSH_APPKEY
ADDED from [mxcome_android:iframe:unspecified] AndroidManifest.xml:121:9-123:54
	android:value
		ADDED from [mxcome_android:iframe:unspecified] AndroidManifest.xml:123:13-51
	android:name
		ADDED from [mxcome_android:iframe:unspecified] AndroidManifest.xml:122:13-39
meta-data#PUSH_APPSECRET
ADDED from [mxcome_android:iframe:unspecified] AndroidManifest.xml:124:9-126:54
	android:value
		ADDED from [mxcome_android:iframe:unspecified] AndroidManifest.xml:126:13-51
	android:name
		ADDED from [mxcome_android:iframe:unspecified] AndroidManifest.xml:125:13-42
service#com.igexin.sdk.PushService
ADDED from [mxcome_android:iframe:unspecified] AndroidManifest.xml:129:9-137:19
	android:process
		ADDED from [mxcome_android:iframe:unspecified] AndroidManifest.xml:133:13-43
	android:label
		ADDED from [mxcome_android:iframe:unspecified] AndroidManifest.xml:132:13-47
	android:exported
		ADDED from [mxcome_android:iframe:unspecified] AndroidManifest.xml:131:13-36
	android:name
		ADDED from [mxcome_android:iframe:unspecified] AndroidManifest.xml:130:13-54
intent-filter#com.igexin.sdk.action.service.message
ADDED from [mxcome_android:iframe:unspecified] AndroidManifest.xml:134:13-136:29
action#com.igexin.sdk.action.service.message
ADDED from [mxcome_android:iframe:unspecified] AndroidManifest.xml:135:17-80
	android:name
		ADDED from [mxcome_android:iframe:unspecified] AndroidManifest.xml:135:25-77
receiver#com.igexin.sdk.PushReceiver
ADDED from [mxcome_android:iframe:unspecified] AndroidManifest.xml:139:9-149:20
	android:name
		ADDED from [mxcome_android:iframe:unspecified] AndroidManifest.xml:139:19-61
intent-filter#android.intent.action.ACTION_POWER_CONNECTED+android.intent.action.ACTION_POWER_DISCONNECTED+android.intent.action.BOOT_COMPLETED+android.intent.action.MEDIA_MOUNTED+android.intent.action.USER_PRESENT+android.net.conn.CONNECTIVITY_CHANGE+com.igexin.sdk.action.refreshls
ADDED from [mxcome_android:iframe:unspecified] AndroidManifest.xml:140:13-148:29
action#android.intent.action.BOOT_COMPLETED
ADDED from [mxcome_android:iframe:unspecified] AndroidManifest.xml:141:17-79
	android:name
		ADDED from [mxcome_android:iframe:unspecified] AndroidManifest.xml:141:25-76
action#android.net.conn.CONNECTIVITY_CHANGE
ADDED from [mxcome_android:iframe:unspecified] AndroidManifest.xml:142:17-79
	android:name
		ADDED from [mxcome_android:iframe:unspecified] AndroidManifest.xml:142:25-76
action#android.intent.action.USER_PRESENT
ADDED from [mxcome_android:iframe:unspecified] AndroidManifest.xml:143:17-77
	android:name
		ADDED from [mxcome_android:iframe:unspecified] AndroidManifest.xml:143:25-74
action#com.igexin.sdk.action.refreshls
ADDED from [mxcome_android:iframe:unspecified] AndroidManifest.xml:144:17-74
	android:name
		ADDED from [mxcome_android:iframe:unspecified] AndroidManifest.xml:144:25-71
action#android.intent.action.MEDIA_MOUNTED
ADDED from [mxcome_android:iframe:unspecified] AndroidManifest.xml:145:17-78
	android:name
		ADDED from [mxcome_android:iframe:unspecified] AndroidManifest.xml:145:25-75
action#android.intent.action.ACTION_POWER_CONNECTED
ADDED from [mxcome_android:iframe:unspecified] AndroidManifest.xml:146:17-87
	android:name
		ADDED from [mxcome_android:iframe:unspecified] AndroidManifest.xml:146:25-84
action#android.intent.action.ACTION_POWER_DISCONNECTED
ADDED from [mxcome_android:iframe:unspecified] AndroidManifest.xml:147:17-90
	android:name
		ADDED from [mxcome_android:iframe:unspecified] AndroidManifest.xml:147:25-87
service#com.fenazola.iframe.getui.DemoPushService
ADDED from [mxcome_android:iframe:unspecified] AndroidManifest.xml:151:9-156:19
	android:process
		ADDED from [mxcome_android:iframe:unspecified] AndroidManifest.xml:155:13-43
	android:label
		ADDED from [mxcome_android:iframe:unspecified] AndroidManifest.xml:154:13-40
	android:exported
		ADDED from [mxcome_android:iframe:unspecified] AndroidManifest.xml:153:13-36
	android:name
		ADDED from [mxcome_android:iframe:unspecified] AndroidManifest.xml:152:13-69
service#com.fenazola.iframe.getui.DemoIntentService
ADDED from [mxcome_android:iframe:unspecified] AndroidManifest.xml:157:9-79
	android:name
		ADDED from [mxcome_android:iframe:unspecified] AndroidManifest.xml:157:18-76
activity#com.fenazola.iframe.zxing.CaptureActivity
ADDED from [mxcome_android:iframe:unspecified] AndroidManifest.xml:160:9-164:63
	android:clearTaskOnLaunch
		ADDED from [mxcome_android:iframe:unspecified] AndroidManifest.xml:162:13-45
	android:screenOrientation
		ADDED from [mxcome_android:iframe:unspecified] AndroidManifest.xml:163:13-49
	android:windowSoftInputMode
		ADDED from [mxcome_android:iframe:unspecified] AndroidManifest.xml:164:13-60
	android:name
		ADDED from [mxcome_android:iframe:unspecified] AndroidManifest.xml:161:13-69